<?xml version="1.0" encoding="UTF-8"?>
<!-- Generated by org.testng.reporters.JUnitReportReporter -->
<testsuite hostname="Admins-MacBook-Pro.local" failures="0" tests="1" name="Start" time="0.002" errors="0" timestamp="09 Jun 2022 14:36:21 GMT" skipped="0">
  <testcase classname="Start" name="startProject" time="0.002"/>
</testsuite> <!-- Start -->
